Build started 15-Aug-17 7:21:26 PM.
     1>Project "D:\Dina\Dina's C++ programs\ANN\feed forward general\feed forward general\feed forward general.vcxproj" on node 2 (build target(s)).
     1>InitializeBuildStatus:
         Creating "Debug\feed forward general.unsuccessfulbuild" because "AlwaysCreate" was specified.
       ClCompile:
         c:\Program Files (x86)\Microsoft Visual Studio 10.0\VC\bin\CL.exe /c /ZI /nologo /W3 /WX- /Od /Oy- /D WIN32 /D _DEBUG /D _CONSOLE /D _UNICODE /D UNICODE /Gm /EHsc /RTC1 /MDd /GS /fp:precise /Zc:wchar_t /Zc:forScope /Fo"Debug\\" /Fd"Debug\vc100.pdb" /Gd /TP /analyze- /errorReport:prompt "..\..\..\..\Dina's C++ programs\ANN\feed forward general\feed forward general\ff.cpp"
         ff.cpp
     1>d:\dina\dina's c++ programs\ann\feed forward general\feed forward general\ff.cpp(168): warning C4244: 'argument' : conversion from 'time_t' to 'unsigned int', possible loss of data
     1>d:\dina\dina's c++ programs\ann\feed forward general\feed forward general\ff.cpp(182): warning C4305: 'initializing' : truncation from 'double' to 'float'
     1>d:\dina\dina's c++ programs\ann\feed forward general\feed forward general\ff.cpp(206): warning C4244: '=' : conversion from 'double' to 'float', possible loss of data
     1>d:\dina\dina's c++ programs\ann\feed forward general\feed forward general\ff.cpp(207): warning C4244: '=' : conversion from 'double' to 'float', possible loss of data
     1>d:\dina\dina's c++ programs\ann\feed forward general\feed forward general\ff.cpp(229): warning C4244: '=' : conversion from 'double' to 'float', possible loss of data
     1>d:\dina\dina's c++ programs\ann\feed forward general\feed forward general\ff.cpp(230): warning C4244: '=' : conversion from 'double' to 'float', possible loss of data
     1>d:\dina\dina's c++ programs\ann\feed forward general\feed forward general\ff.cpp(307): warning C4996: 'getch': The POSIX name for this item is deprecated. Instead, use the ISO C++ conformant name: _getch. See online help for details.
                 c:\program files (x86)\microsoft visual studio 10.0\vc\include\conio.h(128) : see declaration of 'getch'
       Link:
         c:\Program Files (x86)\Microsoft Visual Studio 10.0\VC\bin\link.exe /ERRORREPORT:PROMPT /OUT:"D:\Dina\Dina's C++ programs\ANN\feed forward general\Debug\feed forward general.exe" /INCREMENTAL:NO /NOLOGO kernel32.lib user32.lib gdi32.lib winspool.lib comdlg32.lib advapi32.lib shell32.lib ole32.lib oleaut32.lib uuid.lib odbc32.lib odbccp32.lib /MANIFEST /ManifestFile:"Debug\feed forward general.exe.intermediate.manifest" /MANIFESTUAC:"level='asInvoker' uiAccess='false'" /DEBUG /PDB:"D:\Dina\Dina's C++ programs\ANN\feed forward general\Debug\feed forward general.pdb" /SUBSYSTEM:CONSOLE /TLBID:1 /DYNAMICBASE /NXCOMPAT /IMPLIB:"D:\Dina\Dina's C++ programs\ANN\feed forward general\Debug\feed forward general.lib" /MACHINE:X86 Debug\ff.obj
     1>ff.obj : warning LNK4075: ignoring '/EDITANDCONTINUE' due to '/INCREMENTAL:NO' specification
         feed forward general.vcxproj -> D:\Dina\Dina's C++ programs\ANN\feed forward general\Debug\feed forward general.exe
       Manifest:
         C:\Program Files (x86)\Microsoft SDKs\Windows\v7.0A\bin\mt.exe /nologo /verbose /outputresource:"D:\Dina\Dina's C++ programs\ANN\feed forward general\Debug\feed forward general.exe;#1" /manifest "Debug\feed forward general.exe.intermediate.manifest"
       FinalizeBuildStatus:
         Deleting file "Debug\feed forward general.unsuccessfulbuild".
         Touching "Debug\feed forward general.lastbuildstate".
     1>Done Building Project "D:\Dina\Dina's C++ programs\ANN\feed forward general\feed forward general\feed forward general.vcxproj" (build target(s)).

Build succeeded.

Time Elapsed 00:00:01.65
